<?xml version="1.0" encoding="UTF-8"?>
<!-- Generated by org.testng.reporters.JUnitXMLReporter -->
<testsuite ignored="1" hostname="Rizwans-MacBook-Air.local" failures="0" tests="1" name="Default test" time="8.566" errors="0" timestamp="2023-08-09T13:04:03 IST">
  <testcase classname="jsonValidatorTest.JsonPathTest" name="getCircuitDataAPIWith_Year" time="8.33"/>
  <testcase classname="jsonValidatorTest.JsonPathTest" name="getFakeProductAPITest" time="0.0">
    <ignored/>
  </testcase> <!-- getFakeProductAPITest -->
</testsuite> <!-- Default test -->
