<?xml version="1.0" encoding="UTF-8"?>
<testng-results ignored="1" total="2" passed="1" failed="0" skipped="0">
  <reporter-output>
  </reporter-output>
  <suite started-at="2023-08-09T13:03:55 IST" name="Default suite" finished-at="2023-08-09T13:04:03 IST" duration-ms="8566">
    <groups>
    </groups>
    <test started-at="2023-08-09T13:03:55 IST" name="Default test" finished-at="2023-08-09T13:04:03 IST" duration-ms="8566">
      <class name="jsonValidatorTest.JsonPathTest">
        <test-method signature="getCircuitDataAPIWith_Year()[pri:0, instance:jsonValidatorTest.JsonPathTest@31920ade]" started-at="2023-08-09T13:03:55 IST" name="getCircuitDataAPIWith_Year" finished-at="2023-08-09T13:04:03 IST" duration-ms="8330" status="PASS">
          <reporter-output>
          </reporter-output>
        </test-method> <!-- getCircuitDataAPIWith_Year -->
      </class> <!-- jsonValidatorTest.JsonPathTest -->
    </test> <!-- Default test -->
  </suite> <!-- Default suite -->
</testng-results>
